<?xml version="1.0" encoding="UTF-8"?>
<!-- Generated by org.testng.reporters.JUnitReportReporter -->
<testsuite hostname="Davinders-MBP.lan1" name="com.creditkarma.runner.TestNGRunCucumberTest" tests="1" failures="0" timestamp="15 Nov 2019 01:10:00 GMT" time="5.320" errors="0">
  <testcase name="feature" time="5.320" classname="com.creditkarma.runner.TestNGRunCucumberTest"/>
</testsuite> <!-- com.creditkarma.runner.TestNGRunCucumberTest -->
